<?xml version="1.0" encoding="UTF-8"?>
<!-- Generated by org.testng.reporters.JUnitReportReporter -->
<testsuite hostname="DESKTOP-3BNAR3I" failures="1" tests="2" name="com.runners.RunnerFile" time="15.241" errors="0" timestamp="2023-04-06T16:33:39 EDT" skipped="0">
  <testcase classname="com.runners.RunnerFile" name="runScenario" time="8.865"/>
  <system-out/>
  <testcase classname="com.runners.RunnerFile" name="runScenario" time="6.376">
    <failure message="expected [Selenium12] but found [Selenium]" type="java.lang.AssertionError">
      <![CDATA[java.lang.AssertionError: expected [Selenium12] but found [Selenium]
at org.testng.Assert.fail(Assert.java:110)
at org.testng.Assert.failNotEquals(Assert.java:1413)
at org.testng.Assert.assertEqualsImpl(Assert.java:149)
at org.testng.Assert.assertEquals(Assert.java:131)
at org.testng.Assert.assertEquals(Assert.java:655)
at org.testng.Assert.assertEquals(Assert.java:665)
at com.step.FirebasesStepDefinition.page_title_should_be(FirebasesStepDefinition.java:50)
at âœ½.page title should be "Selenium12"(file:///C:/Users/prave/eclipse-workspace/CucumberProject/src/test/resources/features/First.Features.feature:17)
]]>
    </failure>
  </testcase> <!-- runScenario -->
  <system-out/>
</testsuite> <!-- com.runners.RunnerFile -->
